<?xml version="1.0" encoding="UTF-8"?>
<!-- Generated by org.testng.reporters.JUnitReportReporter -->
<testsuite hostname="IB-Pune-LAP-358" failures="0" tests="5" name="ecom.Login" time="11.256" errors="0" timestamp="2022-11-16T10:50:10 IST" skipped="0">
  <testcase classname="ecom.Login" name="logintest" time="4.948"/>
  <system-out/>
  <testcase classname="ecom.Login" name="createproduct" time="3.453"/>
  <system-out/>
  <testcase classname="ecom.Login" name="createorder" time="1.174"/>
  <system-out/>
  <testcase classname="ecom.Login" name="getorder" time="1.036"/>
  <system-out/>
  <testcase classname="ecom.Login" name="deleteproduct" time="0.645"/>
  <system-out/>
</testsuite> <!-- ecom.Login -->
