<?xml version="1.0" encoding="UTF-8"?>
<!-- Generated by org.testng.reporters.JUnitReportReporter -->
<testsuite hostname="IB-Pune-LAP-358" failures="0" tests="5" name="ecom.Login" time="5.385" errors="0" timestamp="2022-11-17T17:04:18 IST" skipped="0">
  <testcase classname="ecom.Login" name="logintest" time="3.558"/>
  <system-out/>
  <testcase classname="ecom.Login" name="createproduct" time="1.110"/>
  <system-out/>
  <testcase classname="ecom.Login" name="createorder" time="0.245"/>
  <system-out/>
  <testcase classname="ecom.Login" name="getorder" time="0.212"/>
  <system-out/>
  <testcase classname="ecom.Login" name="deleteproduct" time="0.260"/>
  <system-out/>
</testsuite> <!-- ecom.Login -->
